<?xml version="1.0" encoding="UTF-8"?>
<!-- Generated by org.testng.reporters.JUnitXMLReporter -->
<testsuite ignored="0" hostname="LAPTOP-4S1GC75Q" failures="0" tests="3" name="Default test" time="8.825" errors="0" timestamp="2023-05-29T22:33:33 IST">
  <testcase classname="com.RestApi.HttpRequests" name="getusers" time="6.032"/>
  <testcase classname="com.RestApi.HttpRequests" name="create" time="1.968"/>
  <testcase classname="com.RestApi.HttpRequests" name="put" time="0.529"/>
</testsuite> <!-- Default test -->
