<?xml version="1.0" encoding="UTF-8"?>
<testng-results ignored="0" total="3" passed="3" failed="0" skipped="0">
  <reporter-output>
  </reporter-output>
  <suite started-at="2023-05-29T22:33:24 IST" name="Default suite" finished-at="2023-05-29T22:33:33 IST" duration-ms="8825">
    <groups>
    </groups>
    <test started-at="2023-05-29T22:33:24 IST" name="Default test" finished-at="2023-05-29T22:33:33 IST" duration-ms="8825">
      <class name="com.RestApi.HttpRequests">
        <test-method signature="getusers()[pri:1, instance:com.RestApi.HttpRequests@550ee7e5]" started-at="2023-05-29T22:33:24 IST" name="getusers" finished-at="2023-05-29T22:33:30 IST" duration-ms="6032" status="PASS">
          <reporter-output>
          </reporter-output>
        </test-method> <!-- getusers -->
        <test-method signature="create()[pri:2, instance:com.RestApi.HttpRequests@550ee7e5]" started-at="2023-05-29T22:33:30 IST" name="create" finished-at="2023-05-29T22:33:32 IST" duration-ms="1968" status="PASS">
          <reporter-output>
          </reporter-output>
        </test-method> <!-- create -->
        <test-method signature="put()[pri:3, instance:com.RestApi.HttpRequests@550ee7e5]" started-at="2023-05-29T22:33:32 IST" name="put" finished-at="2023-05-29T22:33:33 IST" depends-on-methods="com.RestApi.HttpRequests.create" duration-ms="529" status="PASS">
          <reporter-output>
          </reporter-output>
        </test-method> <!-- put -->
      </class> <!-- com.RestApi.HttpRequests -->
    </test> <!-- Default test -->
  </suite> <!-- Default suite -->
</testng-results>
